<?xml version="1.0" encoding="UTF-8"?>
<!-- Generated by org.testng.reporters.JUnitReportReporter -->
<testsuite hostname="LAPTOP-0NBL84CE" failures="0" tests="1" name="demoblazeTest.demoblazeTest.demoblazeE2E" time="12.007" errors="0" timestamp="2022-05-30T22:21:24 EET" skipped="0">
  <testcase classname="demoblazeTest.demoblazeTest.demoblazeE2E" name="BuyNewLaptopTest" time="12.007"/>
  <system-out/>
</testsuite> <!-- demoblazeTest.demoblazeTest.demoblazeE2E -->
